[debug] [2025-11-21T23:08:45.305Z] ----------------------------------------------------------------------
[debug] [2025-11-21T23:08:45.308Z] Command:       C:\Program Files\nodejs\node.exe C:\Users\DELLL\AppData\Roaming\npm\node_modules\firebase-tools\lib\bin\firebase.js deploy --only functions
[debug] [2025-11-21T23:08:45.309Z] CLI Version:   14.25.0
[debug] [2025-11-21T23:08:45.309Z] Platform:      win32
[debug] [2025-11-21T23:08:45.309Z] Node Version:  v22.13.0
[debug] [2025-11-21T23:08:45.309Z] Time:          Sat Nov 22 2025 00:08:45 GMT+0100 (West Africa Standard Time)
[debug] [2025-11-21T23:08:45.309Z] ----------------------------------------------------------------------
[debug] 
[debug] [2025-11-21T23:08:45.632Z] > command requires scopes: ["email","openid","https://www.googleapis.com/auth/cloudplatformprojects.readonly","https://www.googleapis.com/auth/firebase","https://www.googleapis.com/auth/cloud-platform"]
[debug] [2025-11-21T23:08:45.634Z] > authorizing via signed-in user (marvellousabiola08@gmail.com)
[debug] [2025-11-21T23:08:45.634Z] [iam] checking project helpbus-b7124 for permissions ["cloudfunctions.functions.create","cloudfunctions.functions.delete","cloudfunctions.functions.get","cloudfunctions.functions.list","cloudfunctions.functions.update","cloudfunctions.operations.get","firebase.projects.get"]
[debug] [2025-11-21T23:08:45.636Z] Checked if tokens are valid: true, expires at: 1763769142164
[debug] [2025-11-21T23:08:45.637Z] Checked if tokens are valid: true, expires at: 1763769142164
[debug] [2025-11-21T23:08:45.639Z] >>> [apiv2][query] POST https://cloudresourcemanager.googleapis.com/v1/projects/helpbus-b7124:testIamPermissions [none]
[debug] [2025-11-21T23:08:45.639Z] >>> [apiv2][(partial)header] POST https://cloudresourcemanager.googleapis.com/v1/projects/helpbus-b7124:testIamPermissions x-goog-quota-user=projects/helpbus-b7124
[debug] [2025-11-21T23:08:45.640Z] >>> [apiv2][body] POST https://cloudresourcemanager.googleapis.com/v1/projects/helpbus-b7124:testIamPermissions {"permissions":["cloudfunctions.functions.create","cloudfunctions.functions.delete","cloudfunctions.functions.get","cloudfunctions.functions.list","cloudfunctions.functions.update","cloudfunctions.operations.get","firebase.projects.get"]}
[debug] [2025-11-21T23:08:48.246Z] <<< [apiv2][status] POST https://cloudresourcemanager.googleapis.com/v1/projects/helpbus-b7124:testIamPermissions 200
[debug] [2025-11-21T23:08:48.247Z] <<< [apiv2][body] POST https://cloudresourcemanager.googleapis.com/v1/projects/helpbus-b7124:testIamPermissions {"permissions":["cloudfunctions.functions.create","cloudfunctions.functions.delete","cloudfunctions.functions.get","cloudfunctions.functions.list","cloudfunctions.functions.update","cloudfunctions.operations.get","firebase.projects.get"]}
[debug] [2025-11-21T23:08:48.247Z] Checked if tokens are valid: true, expires at: 1763769142164
[debug] [2025-11-21T23:08:48.248Z] Checked if tokens are valid: true, expires at: 1763769142164
[debug] [2025-11-21T23:08:48.248Z] >>> [apiv2][query] POST https://iam.googleapis.com/v1/projects/helpbus-b7124/serviceAccounts/helpbus-b7124@appspot.gserviceaccount.com:testIamPermissions [none]
[debug] [2025-11-21T23:08:48.248Z] >>> [apiv2][body] POST https://iam.googleapis.com/v1/projects/helpbus-b7124/serviceAccounts/helpbus-b7124@appspot.gserviceaccount.com:testIamPermissions {"permissions":["iam.serviceAccounts.actAs"]}
[debug] [2025-11-21T23:08:49.486Z] <<< [apiv2][status] POST https://iam.googleapis.com/v1/projects/helpbus-b7124/serviceAccounts/helpbus-b7124@appspot.gserviceaccount.com:testIamPermissions 200
[debug] [2025-11-21T23:08:49.487Z] <<< [apiv2][body] POST https://iam.googleapis.com/v1/projects/helpbus-b7124/serviceAccounts/helpbus-b7124@appspot.gserviceaccount.com:testIamPermissions {"permissions":["iam.serviceAccounts.actAs"]}
[info] 
[info] === Deploying to 'helpbus-b7124'...
[info] 
[info] i  deploying functions 
[debug] [2025-11-21T23:08:49.491Z] Checked if tokens are valid: true, expires at: 1763769142164
[debug] [2025-11-21T23:08:49.491Z] Checked if tokens are valid: true, expires at: 1763769142164
[debug] [2025-11-21T23:08:49.492Z] >>> [apiv2][query] GET https://cloudresourcemanager.googleapis.com/v1/projects/helpbus-b7124 [none]
[debug] [2025-11-21T23:08:49.821Z] <<< [apiv2][status] GET https://cloudresourcemanager.googleapis.com/v1/projects/helpbus-b7124 200
[debug] [2025-11-21T23:08:49.821Z] <<< [apiv2][body] GET https://cloudresourcemanager.googleapis.com/v1/projects/helpbus-b7124 {"projectNumber":"403297118118","projectId":"helpbus-b7124","lifecycleState":"ACTIVE","name":"Helpbus","labels":{"firebase":"enabled","firebase-core":"disabled"},"createTime":"2025-11-18T09:42:38.738106Z"}
[info] i  functions: preparing codebase default for deployment 
[info] i  functions: ensuring required API cloudfunctions.googleapis.com is enabled... 
[info] i  functions: ensuring required API cloudbuild.googleapis.com is enabled... 
[debug] [2025-11-21T23:08:49.824Z] Checked if tokens are valid: true, expires at: 1763769142164
[debug] [2025-11-21T23:08:49.824Z] Checked if tokens are valid: true, expires at: 1763769142164
[info] i  artifactregistry: ensuring required API artifactregistry.googleapis.com is enabled... 
[debug] [2025-11-21T23:08:49.825Z] Checked if tokens are valid: true, expires at: 1763769142164
[debug] [2025-11-21T23:08:49.825Z] Checked if tokens are valid: true, expires at: 1763769142164
[debug] [2025-11-21T23:08:49.825Z] >>> [apiv2][query] GET https://serviceusage.googleapis.com/v1/projects/helpbus-b7124/services/cloudbuild.googleapis.com [none]
[debug] [2025-11-21T23:08:49.825Z] >>> [apiv2][(partial)header] GET https://serviceusage.googleapis.com/v1/projects/helpbus-b7124/services/cloudbuild.googleapis.com x-goog-quota-user=projects/helpbus-b7124
[debug] [2025-11-21T23:08:49.827Z] >>> [apiv2][query] GET https://serviceusage.googleapis.com/v1/projects/helpbus-b7124/services/artifactregistry.googleapis.com [none]
[debug] [2025-11-21T23:08:49.827Z] >>> [apiv2][(partial)header] GET https://serviceusage.googleapis.com/v1/projects/helpbus-b7124/services/artifactregistry.googleapis.com x-goog-quota-user=projects/helpbus-b7124
[debug] [2025-11-21T23:08:51.373Z] <<< [apiv2][status] GET https://serviceusage.googleapis.com/v1/projects/helpbus-b7124/services/cloudbuild.googleapis.com 200
[debug] [2025-11-21T23:08:51.373Z] <<< [apiv2][body] GET https://serviceusage.googleapis.com/v1/projects/helpbus-b7124/services/cloudbuild.googleapis.com [omitted]
[warn] !  functions: missing required API cloudbuild.googleapis.com. Enabling now... 
[debug] [2025-11-21T23:08:51.373Z] Checked if tokens are valid: true, expires at: 1763769142164
[debug] [2025-11-21T23:08:51.374Z] Checked if tokens are valid: true, expires at: 1763769142164
[debug] [2025-11-21T23:08:51.374Z] >>> [apiv2][query] POST https://serviceusage.googleapis.com/v1/projects/helpbus-b7124/services/cloudbuild.googleapis.com:enable [none]
[debug] [2025-11-21T23:08:51.374Z] >>> [apiv2][(partial)header] POST https://serviceusage.googleapis.com/v1/projects/helpbus-b7124/services/cloudbuild.googleapis.com:enable x-goog-quota-user=projects/helpbus-b7124
[debug] [2025-11-21T23:08:51.469Z] <<< [apiv2][status] GET https://serviceusage.googleapis.com/v1/projects/helpbus-b7124/services/artifactregistry.googleapis.com 200
[debug] [2025-11-21T23:08:51.470Z] <<< [apiv2][body] GET https://serviceusage.googleapis.com/v1/projects/helpbus-b7124/services/artifactregistry.googleapis.com [omitted]
[warn] !  artifactregistry: missing required API artifactregistry.googleapis.com. Enabling now... 
[debug] [2025-11-21T23:08:51.470Z] Checked if tokens are valid: true, expires at: 1763769142164
[debug] [2025-11-21T23:08:51.470Z] Checked if tokens are valid: true, expires at: 1763769142164
[debug] [2025-11-21T23:08:51.470Z] >>> [apiv2][query] POST https://serviceusage.googleapis.com/v1/projects/helpbus-b7124/services/artifactregistry.googleapis.com:enable [none]
[debug] [2025-11-21T23:08:51.470Z] >>> [apiv2][(partial)header] POST https://serviceusage.googleapis.com/v1/projects/helpbus-b7124/services/artifactregistry.googleapis.com:enable x-goog-quota-user=projects/helpbus-b7124
[debug] [2025-11-21T23:08:52.273Z] <<< [apiv2][status] POST https://serviceusage.googleapis.com/v1/projects/helpbus-b7124/services/cloudbuild.googleapis.com:enable 400
[debug] [2025-11-21T23:08:52.273Z] <<< [apiv2][body] POST https://serviceusage.googleapis.com/v1/projects/helpbus-b7124/services/cloudbuild.googleapis.com:enable [omitted]
[debug] [2025-11-21T23:08:52.327Z] <<< [apiv2][status] POST https://serviceusage.googleapis.com/v1/projects/helpbus-b7124/services/artifactregistry.googleapis.com:enable 400
[debug] [2025-11-21T23:08:52.327Z] <<< [apiv2][body] POST https://serviceusage.googleapis.com/v1/projects/helpbus-b7124/services/artifactregistry.googleapis.com:enable [omitted]
[error] 
[error] Error: Your project helpbus-b7124 must be on the Blaze (pay-as-you-go) plan to complete this command. Required API cloudbuild.googleapis.com can't be enabled until the upgrade is complete. To upgrade, visit the following URL:

https://console.firebase.google.com/project/helpbus-b7124/usage/details
